<?xml version="1.0" encoding="UTF-8"?>
<!-- Generated by org.testng.reporters.JUnitReportReporter -->
<testsuite hostname="DESKTOP-O90M1PQ" failures="0" tests="2" name="testScript.AdminUserUpdateTest" time="18.638" errors="0" timestamp="2025-07-05T11:13:11 IST" skipped="0">
  <testcase classname="testScript.AdminUserUpdateTest" name="isUpdateDisplayed" time="6.438"/>
  <system-out/>
  <testcase classname="testScript.AdminUserUpdateTest" name="updateAdmin" time="12.200"/>
  <system-out/>
</testsuite> <!-- testScript.AdminUserUpdateTest -->
