<?xml version="1.0" encoding="UTF-8"?>
<!-- Generated by org.testng.reporters.JUnitReportReporter -->
<testsuite hostname="DESKTOP-O90M1PQ" failures="0" tests="1" name="testScript.AdminUserTest" time="7.221" errors="0" timestamp="2025-06-27T19:06:02 IST" skipped="0">
  <testcase classname="testScript.AdminUserTest" name="addAdmin" time="7.221"/>
  <system-out/>
</testsuite> <!-- testScript.AdminUserTest -->
