<?xml version="1.0" encoding="UTF-8"?>
<!-- Generated by org.testng.reporters.JUnitReportReporter -->
<testsuite hostname="DESKTOP-O90M1PQ" failures="0" tests="1" name="testScript.ManageNewsTest" time="6.574" errors="0" timestamp="2025-06-23T19:20:08 IST" skipped="0">
  <testcase classname="testScript.ManageNewsTest" name="addNews" time="6.574"/>
  <system-out/>
</testsuite> <!-- testScript.ManageNewsTest -->
