<?xml version="1.0" encoding="UTF-8"?>
<!-- Generated by org.testng.reporters.JUnitReportReporter -->
<testsuite hostname="DESKTOP-O90M1PQ" failures="0" tests="1" name="testScript.AdminUserTest" time="13.099" errors="0" timestamp="2025-07-04T21:59:13 IST" skipped="0">
  <testcase classname="testScript.AdminUserTest" name="addAdmin" time="13.099"/>
  <system-out/>
</testsuite> <!-- testScript.AdminUserTest -->
