<?xml version="1.0" encoding="UTF-8"?>
<!-- Generated by org.testng.reporters.JUnitReportReporter -->
<testsuite hostname="DESKTOP-O90M1PQ" failures="0" tests="1" name="testScript.ManageNewsTest" time="8.145" errors="0" timestamp="2025-07-04T22:11:45 IST" skipped="0">
  <testcase classname="testScript.ManageNewsTest" name="addNews" time="8.145"/>
  <system-out/>
</testsuite> <!-- testScript.ManageNewsTest -->
