<?xml version="1.0" encoding="UTF-8"?>
<!-- Generated by org.testng.reporters.JUnitReportReporter -->
<testsuite hostname="DESKTOP-O90M1PQ" failures="0" tests="1" name="testScript.LogoutTest" time="6.043" errors="0" timestamp="2025-06-25T20:25:56 IST" skipped="0">
  <testcase classname="testScript.LogoutTest" name="verifyUserIsAbleToLogout" time="6.043"/>
  <system-out/>
</testsuite> <!-- testScript.LogoutTest -->
