<?xml version="1.0" encoding="UTF-8"?>
<!-- Generated by org.testng.reporters.JUnitReportReporter -->
<testsuite hostname="DESKTOP-O90M1PQ" failures="0" tests="1" name="testScript.ManageCategoryTest" time="10.166" errors="0" timestamp="2025-06-24T20:56:55 IST" skipped="0">
  <testcase classname="testScript.ManageCategoryTest" name="addCategory" time="10.166"/>
  <system-out/>
</testsuite> <!-- testScript.ManageCategoryTest -->
