<?xml version="1.0" encoding="UTF-8"?>
<!-- Generated by org.testng.reporters.JUnitReportReporter -->
<testsuite hostname="DESKTOP-O90M1PQ" failures="0" tests="1" name="testScript.AdminUserUpdateTest" time="8.723" errors="0" timestamp="2025-06-25T21:43:20 IST" skipped="0">
  <testcase classname="testScript.AdminUserUpdateTest" name="updateAdmin" time="8.723"/>
  <system-out/>
</testsuite> <!-- testScript.AdminUserUpdateTest -->
