<?xml version="1.0" encoding="UTF-8"?>
<!-- Generated by org.testng.reporters.JUnitReportReporter -->
<testsuite hostname="DESKTOP-O90M1PQ" failures="0" tests="1" name="testScript.ManageNewsUpdateTest" time="7.544" errors="0" timestamp="2025-06-25T21:56:47 IST" skipped="0">
  <testcase classname="testScript.ManageNewsUpdateTest" name="updateNews" time="7.544"/>
  <system-out/>
</testsuite> <!-- testScript.ManageNewsUpdateTest -->
