<?xml version="1.0" encoding="UTF-8"?>
<!-- Generated by org.testng.reporters.JUnitReportReporter -->
<testsuite hostname="DESKTOP-O90M1PQ" failures="0" tests="1" name="testScript.ManageCategoryTest" time="11.718" errors="0" timestamp="2025-07-04T22:09:03 IST" skipped="0">
  <testcase classname="testScript.ManageCategoryTest" name="addCategory" time="11.718"/>
  <system-out/>
</testsuite> <!-- testScript.ManageCategoryTest -->
