<?xml version="1.0" encoding="UTF-8"?>
<!-- Generated by org.testng.reporters.JUnitReportReporter -->
<testsuite hostname="DESKTOP-O90M1PQ" failures="0" tests="1" name="testScript.ManageContactTest" time="6.084" errors="0" timestamp="2025-06-25T09:02:41 IST" skipped="0">
  <testcase classname="testScript.ManageContactTest" name="isUpdateDisplayed" time="6.084"/>
  <system-out/>
</testsuite> <!-- testScript.ManageContactTest -->
