<?xml version="1.0" encoding="UTF-8"?>
<!-- Generated by org.testng.reporters.JUnitReportReporter -->
<testsuite hostname="DESKTOP-O90M1PQ" failures="0" tests="2" name="testScript.ManageContactTest" time="19.413" errors="0" timestamp="2025-07-04T22:09:59 IST" skipped="0">
  <testcase classname="testScript.ManageContactTest" name="isUpdateDisplayed" time="10.870"/>
  <system-out/>
  <testcase classname="testScript.ManageContactTest" name="addContactInfo" time="8.543"/>
  <system-out/>
</testsuite> <!-- testScript.ManageContactTest -->
