<?xml version="1.0" encoding="UTF-8"?>
<!-- Generated by org.testng.reporters.JUnitReportReporter -->
<testsuite hostname="DESKTOP-O90M1PQ" failures="0" tests="2" name="testScript.ManageNewsTest" time="18.489" errors="0" timestamp="2025-06-27T19:06:54 IST" skipped="0">
  <testcase classname="testScript.ManageNewsTest" name="addNews" time="8.876"/>
  <system-out/>
  <testcase classname="testScript.ManageNewsTest" name="addNews" time="9.613"/>
  <system-out/>
</testsuite> <!-- testScript.ManageNewsTest -->
