<?xml version="1.0" encoding="UTF-8"?>
<!-- Generated by org.testng.reporters.JUnitReportReporter -->
<testsuite hostname="DESKTOP-O90M1PQ" failures="0" tests="1" name="testScript.ManageFooterTextTest" time="8.922" errors="0" timestamp="2025-07-04T22:10:51 IST" skipped="0">
  <testcase classname="testScript.ManageFooterTextTest" name="updateDetails" time="8.922"/>
  <system-out/>
</testsuite> <!-- testScript.ManageFooterTextTest -->
