<?xml version="1.0" encoding="UTF-8"?>
<!-- Generated by org.testng.reporters.JUnitReportReporter -->
<testsuite hostname="DESKTOP-O90M1PQ" failures="0" tests="2" name="testScript.LoginTest" time="7.829" errors="0" timestamp="2025-06-27T19:06:29 IST" skipped="0">
  <testcase classname="testScript.LoginTest" name="verifyAlertMessageIsComingOnGivingInvalidPassword" time="4.405"/>
  <system-out/>
  <testcase classname="testScript.LoginTest" name="verifyTheUserIsAbleToLoginUsingValidCredentials" time="3.424"/>
  <system-out/>
</testsuite> <!-- testScript.LoginTest -->
