<?xml version="1.0" encoding="UTF-8"?>
<!-- Generated by org.testng.reporters.JUnitReportReporter -->
<testsuite hostname="DESKTOP-O90M1PQ" failures="0" tests="1" name="testScript.ManageFooterTextTest" time="9.662" errors="0" timestamp="2025-06-23T20:21:39 IST" skipped="0">
  <testcase classname="testScript.ManageFooterTextTest" name="updateDetails" time="9.662"/>
  <system-out/>
</testsuite> <!-- testScript.ManageFooterTextTest -->
